<?xml version="1.0" encoding="UTF-8"?>
<!-- Generated by org.testng.reporters.JUnitReportReporter -->
<testsuite hostname="DESKTOP-813UCCG" name="com.testautomation.TestRunner.TestRunner" tests="1" failures="0" timestamp="30 May 2019 14:01:37 GMT" time="49.312" errors="0">
  <testcase name="feature" time="49.312" classname="com.testautomation.TestRunner.TestRunner"/>
</testsuite> <!-- com.testautomation.TestRunner.TestRunner -->
